[2026-02-12T01:37:26.787+0000] {local_task_job_runner.py:120} INFO - ::group::Pre task execution logs
[2026-02-12T01:37:27.213+0000] {taskinstance.py:2076} INFO - Dependencies all met for dep_context=non-requeueable deps ti=<TaskInstance: ecommerce_sales_pipeline.run_etl_pipeline scheduled__2026-02-12T00:00:00+00:00 [queued]>
[2026-02-12T01:37:27.223+0000] {taskinstance.py:2076} INFO - Dependencies all met for dep_context=requeueable deps ti=<TaskInstance: ecommerce_sales_pipeline.run_etl_pipeline scheduled__2026-02-12T00:00:00+00:00 [queued]>
[2026-02-12T01:37:27.224+0000] {taskinstance.py:2306} INFO - Starting attempt 3 of 3
[2026-02-12T01:37:27.314+0000] {taskinstance.py:2330} INFO - Executing <Task(PythonOperator): run_etl_pipeline> on 2026-02-12 00:00:00+00:00
[2026-02-12T01:37:28.311+0000] {logging_mixin.py:188} WARNING - /home/***/.local/lib/python3.12/site-packages/***/task/task_runner/standard_task_runner.py:62 DeprecationWarning: This process (pid=443) is multi-threaded, use of fork() may lead to deadlocks in the child.
[2026-02-12T01:37:28.375+0000] {standard_task_runner.py:64} INFO - Started process 458 to run task
[2026-02-12T01:37:28.954+0000] {standard_task_runner.py:90} INFO - Running: ['***', 'tasks', 'run', 'ecommerce_sales_pipeline', 'run_etl_pipeline', 'scheduled__2026-02-12T00:00:00+00:00', '--job-id', '37', '--raw', '--subdir', 'DAGS_FOLDER/ecommerce_pipeline_dag.py', '--cfg-path', '/tmp/tmpdsj91y8f']
[2026-02-12T01:37:28.989+0000] {standard_task_runner.py:91} INFO - Job 37: Subtask run_etl_pipeline
[2026-02-12T01:38:10.799+0000] {task_command.py:426} INFO - Running <TaskInstance: ecommerce_sales_pipeline.run_etl_pipeline scheduled__2026-02-12T00:00:00+00:00 [running]> on host 7b54abb0e169
[2026-02-12T01:38:42.283+0000] {taskinstance.py:2648} INFO - Exporting env vars: AIRFLOW_CTX_DAG_EMAIL='admin@ecommerce-pipeline.com' AIRFLOW_CTX_DAG_OWNER='rakshith' AIRFLOW_CTX_DAG_ID='ecommerce_sales_pipeline' AIRFLOW_CTX_TASK_ID='run_etl_pipeline' AIRFLOW_CTX_EXECUTION_DATE='2026-02-12T00:00:00+00:00' AIRFLOW_CTX_TRY_NUMBER='3' AIRFLOW_CTX_DAG_RUN_ID='scheduled__2026-02-12T00:00:00+00:00'
[2026-02-12T01:38:43.612+0000] {taskinstance.py:430} INFO - ::endgroup::
[2026-02-12T01:45:49.749+0000] {local_task_job_runner.py:124} ERROR - Received SIGTERM. Terminating subprocesses
[2026-02-12T01:45:50.179+0000] {process_utils.py:132} INFO - Sending 15 to group 458. PIDs of all processes in the group: [458]
[2026-02-12T01:45:50.199+0000] {process_utils.py:87} INFO - Sending the signal 15 to group 458
[2026-02-12T01:45:53.963+0000] {taskinstance.py:2611} ERROR - Received SIGTERM. Terminating subprocesses.
[2026-02-12T01:45:53.964+0000] {taskinstance.py:441} INFO - ::group::Post task execution logs
[2026-02-12T01:45:54.011+0000] {taskinstance.py:2905} ERROR - Task failed with exception
Traceback (most recent call last):
  File "/home/airflow/.local/lib/python3.12/site-packages/airflow/models/taskinstance.py", line 465, in _execute_task
    result = _execute_callable(context=context, **execute_callable_kwargs)
             ^^^^^^^^^^^^^^^^^^^^^^^^^^^^^^^^^^^^^^^^^^^^^^^^^^^^^^^^^^^^^
  File "/home/airflow/.local/lib/python3.12/site-packages/airflow/models/taskinstance.py", line 432, in _execute_callable
    return execute_callable(context=context, **execute_callable_kwargs)
           ^^^^^^^^^^^^^^^^^^^^^^^^^^^^^^^^^^^^^^^^^^^^^^^^^^^^^^^^^^^^
  File "/home/airflow/.local/lib/python3.12/site-packages/airflow/models/baseoperator.py", line 392, in wrapper
    from airflow.decorators.base import DecoratedOperator
  File "/home/airflow/.local/lib/python3.12/site-packages/airflow/decorators/__init__.py", line 28, in <module>
    from airflow.decorators.python_virtualenv import virtualenv_task
  File "<frozen importlib._bootstrap>", line 1357, in _find_and_load
  File "<frozen importlib._bootstrap>", line 418, in __enter__
  File "<frozen importlib._bootstrap>", line 311, in acquire
  File "<frozen importlib._bootstrap>", line 170, in __enter__
  File "<frozen importlib._bootstrap>", line 132, in setdefault
  File "<frozen importlib._bootstrap>", line 74, in __new__
  File "/home/airflow/.local/lib/python3.12/site-packages/airflow/models/taskinstance.py", line 2613, in signal_handler
    raise AirflowTaskTerminated("Task received SIGTERM signal")
airflow.exceptions.AirflowTaskTerminated: Task received SIGTERM signal
[2026-02-12T01:45:54.018+0000] {taskinstance.py:1206} INFO - Marking task as FAILED. dag_id=ecommerce_sales_pipeline, task_id=run_etl_pipeline, run_id=scheduled__2026-02-12T00:00:00+00:00, execution_date=20260212T000000, start_date=20260212T013727, end_date=20260212T014554
[2026-02-12T01:46:00.274+0000] {process_utils.py:80} INFO - Process psutil.Process(pid=458, status='terminated', exitcode=2, started='01:37:27') (458) terminated with exit code 2
[2026-02-12T01:46:00.275+0000] {local_task_job_runner.py:243} INFO - Task exited with return code 143
[2026-02-12T01:46:00.311+0000] {taskinstance.py:3503} INFO - 0 downstream tasks scheduled from follow-on schedule check
[2026-02-12T01:46:00.716+0000] {local_task_job_runner.py:222} INFO - ::endgroup::
[2026-02-12T02:03:22.798+0000] {local_task_job_runner.py:120} INFO - ::group::Pre task execution logs
[2026-02-12T02:03:22.875+0000] {taskinstance.py:2076} INFO - Dependencies all met for dep_context=non-requeueable deps ti=<TaskInstance: ecommerce_sales_pipeline.run_etl_pipeline scheduled__2026-02-12T00:00:00+00:00 [queued]>
[2026-02-12T02:03:22.890+0000] {taskinstance.py:2076} INFO - Dependencies all met for dep_context=requeueable deps ti=<TaskInstance: ecommerce_sales_pipeline.run_etl_pipeline scheduled__2026-02-12T00:00:00+00:00 [queued]>
[2026-02-12T02:03:22.890+0000] {taskinstance.py:2306} INFO - Starting attempt 3 of 3
[2026-02-12T02:03:22.923+0000] {taskinstance.py:2330} INFO - Executing <Task(PythonOperator): run_etl_pipeline> on 2026-02-12 00:00:00+00:00
[2026-02-12T02:03:22.939+0000] {logging_mixin.py:188} WARNING - /home/***/.local/lib/python3.12/site-packages/***/task/task_runner/standard_task_runner.py:62 DeprecationWarning: This process (pid=810) is multi-threaded, use of fork() may lead to deadlocks in the child.
[2026-02-12T02:03:22.941+0000] {standard_task_runner.py:64} INFO - Started process 813 to run task
[2026-02-12T02:03:22.938+0000] {standard_task_runner.py:90} INFO - Running: ['***', 'tasks', 'run', 'ecommerce_sales_pipeline', 'run_etl_pipeline', 'scheduled__2026-02-12T00:00:00+00:00', '--job-id', '10', '--raw', '--subdir', 'DAGS_FOLDER/ecommerce_pipeline_dag.py', '--cfg-path', '/tmp/tmps8ki6ouh']
[2026-02-12T02:03:22.942+0000] {standard_task_runner.py:91} INFO - Job 10: Subtask run_etl_pipeline
[2026-02-12T02:03:23.616+0000] {task_command.py:426} INFO - Running <TaskInstance: ecommerce_sales_pipeline.run_etl_pipeline scheduled__2026-02-12T00:00:00+00:00 [running]> on host 2c81816151a4
[2026-02-12T02:03:23.739+0000] {taskinstance.py:2648} INFO - Exporting env vars: AIRFLOW_CTX_DAG_EMAIL='admin@ecommerce-pipeline.com' AIRFLOW_CTX_DAG_OWNER='rakshith' AIRFLOW_CTX_DAG_ID='ecommerce_sales_pipeline' AIRFLOW_CTX_TASK_ID='run_etl_pipeline' AIRFLOW_CTX_EXECUTION_DATE='2026-02-12T00:00:00+00:00' AIRFLOW_CTX_TRY_NUMBER='3' AIRFLOW_CTX_DAG_RUN_ID='scheduled__2026-02-12T00:00:00+00:00'
[2026-02-12T02:03:23.740+0000] {taskinstance.py:430} INFO - ::endgroup::
[2026-02-12T02:03:23.754+0000] {ecommerce_pipeline_dag.py:109} INFO - Starting ETL pipeline run...
[2026-02-12T02:03:23.820+0000] {taskinstance.py:441} INFO - ::group::Post task execution logs
[2026-02-12T02:03:23.872+0000] {taskinstance.py:2905} ERROR - Task failed with exception
Traceback (most recent call last):
  File "/home/airflow/.local/lib/python3.12/site-packages/airflow/models/taskinstance.py", line 465, in _execute_task
    result = _execute_callable(context=context, **execute_callable_kwargs)
             ^^^^^^^^^^^^^^^^^^^^^^^^^^^^^^^^^^^^^^^^^^^^^^^^^^^^^^^^^^^^^
  File "/home/airflow/.local/lib/python3.12/site-packages/airflow/models/taskinstance.py", line 432, in _execute_callable
    return execute_callable(context=context, **execute_callable_kwargs)
           ^^^^^^^^^^^^^^^^^^^^^^^^^^^^^^^^^^^^^^^^^^^^^^^^^^^^^^^^^^^^
  File "/home/airflow/.local/lib/python3.12/site-packages/airflow/models/baseoperator.py", line 401, in wrapper
    return func(self, *args, **kwargs)
           ^^^^^^^^^^^^^^^^^^^^^^^^^^^
  File "/home/airflow/.local/lib/python3.12/site-packages/airflow/operators/python.py", line 235, in execute
    return_value = self.execute_callable()
                   ^^^^^^^^^^^^^^^^^^^^^^^
  File "/home/airflow/.local/lib/python3.12/site-packages/airflow/operators/python.py", line 252, in execute_callable
    return self.python_callable(*self.op_args, **self.op_kwargs)
           ^^^^^^^^^^^^^^^^^^^^^^^^^^^^^^^^^^^^^^^^^^^^^^^^^^^^^
  File "/opt/airflow/dags/ecommerce_pipeline_dag.py", line 151, in run_etl_pipeline
    cursor.executemany("""
psycopg2.errors.UndefinedColumn: column "sale_date" of relation "sales_fact" does not exist
LINE 3: ...           (customer_id, product_id, location_id, sale_date,
                                                             ^

[2026-02-12T02:04:25.781+0000] {taskinstance.py:1206} INFO - Marking task as FAILED. dag_id=ecommerce_sales_pipeline, task_id=run_etl_pipeline, run_id=scheduled__2026-02-12T00:00:00+00:00, execution_date=20260212T000000, start_date=20260212T020322, end_date=20260212T020425
[2026-02-12T02:04:28.805+0000] {standard_task_runner.py:110} ERROR - Failed to execute job 10 for task run_etl_pipeline (column "sale_date" of relation "sales_fact" does not exist
LINE 3: ...           (customer_id, product_id, location_id, sale_date,
                                                             ^
; 813)
[2026-02-12T02:04:30.000+0000] {local_task_job_runner.py:243} INFO - Task exited with return code 1
[2026-02-12T02:04:30.048+0000] {taskinstance.py:3503} INFO - 0 downstream tasks scheduled from follow-on schedule check
[2026-02-12T02:04:30.381+0000] {local_task_job_runner.py:222} INFO - ::endgroup::
